2023-10-11 13:38:32 932 [main] DEBUG org.apache.ibatis.logging.LogFactory - Logging initialized using 'class org.apache.ibatis.logging.log4j2.Log4j2Impl' adapter.
2023-10-11 14:19:17 166 [main] DEBUG org.apache.ibatis.logging.LogFactory - Logging initialized using 'class org.apache.ibatis.logging.log4j2.Log4j2Impl' adapter.
2023-10-11 14:19:17 563 [main] DEBUG org.mybatis.spring.SqlSessionUtils - Creating a new SqlSession
2023-10-11 14:19:17 571 [main] DEBUG org.mybatis.spring.SqlSessionUtils - SqlSession [org.apache.ibatis.session.defaults.DefaultSqlSession@5241cf67] was not registered for synchronization because synchronization is not active
2023-10-11 14:19:17 590 [main] DEBUG org.mybatis.spring.transaction.SpringManagedTransaction - JDBC Connection [HikariProxyConnection@1101598632 wrapping org.mariadb.jdbc.Connection@3d8bbcdc] will not be managed by Spring
2023-10-11 14:19:17 598 [main] DEBUG userNS.selectUserById - ==>  Preparing: select * from users where userid=?
2023-10-11 14:19:17 621 [main] DEBUG userNS.selectUserById - ==> Parameters: dooly(String)
2023-10-11 14:19:17 656 [main] DEBUG userNS.selectUserById - <==      Total: 1
2023-10-11 14:19:17 657 [main] DEBUG org.mybatis.spring.SqlSessionUtils - Closing non transactional SqlSession [org.apache.ibatis.session.defaults.DefaultSqlSession@5241cf67]
2023-10-11 14:20:16 169 [main] DEBUG org.apache.ibatis.logging.LogFactory - Logging initialized using 'class org.apache.ibatis.logging.log4j2.Log4j2Impl' adapter.
2023-10-11 14:20:16 560 [main] DEBUG org.mybatis.spring.SqlSessionUtils - Creating a new SqlSession
2023-10-11 14:20:16 568 [main] DEBUG org.mybatis.spring.SqlSessionUtils - SqlSession [org.apache.ibatis.session.defaults.DefaultSqlSession@5241cf67] was not registered for synchronization because synchronization is not active
2023-10-11 14:20:16 587 [main] DEBUG org.mybatis.spring.transaction.SpringManagedTransaction - JDBC Connection [HikariProxyConnection@1101598632 wrapping org.mariadb.jdbc.Connection@3d8bbcdc] will not be managed by Spring
2023-10-11 14:20:16 594 [main] DEBUG userNS.selectUserById - ==>  Preparing: select * from users where userid=?
2023-10-11 14:20:16 619 [main] DEBUG userNS.selectUserById - ==> Parameters: dooly(String)
2023-10-11 14:20:16 652 [main] DEBUG userNS.selectUserById - <==      Total: 1
2023-10-11 14:20:16 655 [main] DEBUG org.mybatis.spring.SqlSessionUtils - Closing non transactional SqlSession [org.apache.ibatis.session.defaults.DefaultSqlSession@5241cf67]
2023-10-11 14:21:10 412 [main] DEBUG org.apache.ibatis.logging.LogFactory - Logging initialized using 'class org.apache.ibatis.logging.log4j2.Log4j2Impl' adapter.
2023-10-11 14:21:10 826 [main] DEBUG org.mybatis.spring.SqlSessionUtils - Creating a new SqlSession
2023-10-11 14:21:10 831 [main] DEBUG org.mybatis.spring.SqlSessionUtils - SqlSession [org.apache.ibatis.session.defaults.DefaultSqlSession@5241cf67] was not registered for synchronization because synchronization is not active
2023-10-11 14:21:10 834 [main] DEBUG org.mybatis.spring.SqlSessionUtils - Closing non transactional SqlSession [org.apache.ibatis.session.defaults.DefaultSqlSession@5241cf67]
2023-10-11 15:05:47 289 [main] DEBUG org.mybatis.spring.mapper.ClassPathMapperScanner - Identified candidate component class: file [C:\sts3.9-bundle\workspace\MySpringUser\target\classes\myspring\user\dao\mapper\UserMapper.class]
2023-10-11 15:05:47 491 [main] DEBUG org.apache.ibatis.logging.LogFactory - Logging initialized using 'class org.apache.ibatis.logging.log4j2.Log4j2Impl' adapter.
2023-10-11 15:05:47 736 [main] DEBUG org.mybatis.spring.SqlSessionUtils - Creating a new SqlSession
2023-10-11 15:05:47 756 [main] DEBUG org.mybatis.spring.SqlSessionUtils - SqlSession [org.apache.ibatis.session.defaults.DefaultSqlSession@73db4768] was not registered for synchronization because synchronization is not active
2023-10-11 15:05:47 955 [main] DEBUG org.mybatis.spring.transaction.SpringManagedTransaction - JDBC Connection [HikariProxyConnection@164714495 wrapping org.mariadb.jdbc.Connection@2f162cc0] will not be managed by Spring
2023-10-11 15:05:47 963 [main] DEBUG myspring.user.dao.mapper.UserMapper.selectUserById - ==>  Preparing: select * from users where userid=?
2023-10-11 15:05:47 986 [main] DEBUG myspring.user.dao.mapper.UserMapper.selectUserById - ==> Parameters: dooly(String)
2023-10-11 15:05:48 005 [main] DEBUG myspring.user.dao.mapper.UserMapper.selectUserById - <==      Total: 1
2023-10-11 15:05:48 013 [main] DEBUG org.mybatis.spring.SqlSessionUtils - Closing non transactional SqlSession [org.apache.ibatis.session.defaults.DefaultSqlSession@73db4768]
2023-10-11 15:06:20 946 [main] DEBUG org.mybatis.spring.mapper.ClassPathMapperScanner - Identified candidate component class: file [C:\sts3.9-bundle\workspace\MySpringUser\target\classes\myspring\user\dao\mapper\UserMapper.class]
2023-10-11 15:06:21 123 [main] DEBUG org.apache.ibatis.logging.LogFactory - Logging initialized using 'class org.apache.ibatis.logging.log4j2.Log4j2Impl' adapter.
2023-10-11 15:06:21 348 [main] DEBUG org.mybatis.spring.SqlSessionUtils - Creating a new SqlSession
2023-10-11 15:06:21 365 [main] DEBUG org.mybatis.spring.SqlSessionUtils - SqlSession [org.apache.ibatis.session.defaults.DefaultSqlSession@73db4768] was not registered for synchronization because synchronization is not active
2023-10-11 15:06:21 554 [main] DEBUG org.mybatis.spring.transaction.SpringManagedTransaction - JDBC Connection [HikariProxyConnection@164714495 wrapping org.mariadb.jdbc.Connection@2f162cc0] will not be managed by Spring
2023-10-11 15:06:21 560 [main] DEBUG myspring.user.dao.mapper.UserMapper.selectUserById - ==>  Preparing: select * from users where userid=?
2023-10-11 15:06:21 581 [main] DEBUG myspring.user.dao.mapper.UserMapper.selectUserById - ==> Parameters: dooly(String)
2023-10-11 15:06:21 599 [main] DEBUG myspring.user.dao.mapper.UserMapper.selectUserById - <==      Total: 1
2023-10-11 15:06:21 605 [main] DEBUG org.mybatis.spring.SqlSessionUtils - Closing non transactional SqlSession [org.apache.ibatis.session.defaults.DefaultSqlSession@73db4768]
2023-10-11 15:06:45 997 [main] DEBUG org.mybatis.spring.mapper.ClassPathMapperScanner - Identified candidate component class: file [C:\sts3.9-bundle\workspace\MySpringUser\target\classes\myspring\user\dao\mapper\UserMapper.class]
2023-10-11 15:06:46 170 [main] DEBUG org.apache.ibatis.logging.LogFactory - Logging initialized using 'class org.apache.ibatis.logging.log4j2.Log4j2Impl' adapter.
2023-10-11 15:06:46 392 [main] DEBUG org.mybatis.spring.SqlSessionUtils - Creating a new SqlSession
2023-10-11 15:06:46 404 [main] DEBUG org.mybatis.spring.SqlSessionUtils - SqlSession [org.apache.ibatis.session.defaults.DefaultSqlSession@73db4768] was not registered for synchronization because synchronization is not active
2023-10-11 15:06:46 605 [main] DEBUG org.mybatis.spring.transaction.SpringManagedTransaction - JDBC Connection [HikariProxyConnection@164714495 wrapping org.mariadb.jdbc.Connection@2f162cc0] will not be managed by Spring
2023-10-11 15:06:46 612 [main] DEBUG myspring.user.dao.mapper.UserMapper.selectUserById - ==>  Preparing: select * from users where userid=?
2023-10-11 15:06:46 637 [main] DEBUG myspring.user.dao.mapper.UserMapper.selectUserById - ==> Parameters: dooly(String)
2023-10-11 15:06:46 659 [main] DEBUG myspring.user.dao.mapper.UserMapper.selectUserById - <==      Total: 1
2023-10-11 15:06:46 670 [main] DEBUG org.mybatis.spring.SqlSessionUtils - Closing non transactional SqlSession [org.apache.ibatis.session.defaults.DefaultSqlSession@73db4768]
2023-10-11 15:37:16 626 [main] DEBUG org.mybatis.spring.mapper.ClassPathMapperScanner - Identified candidate component class: file [C:\sts3.9-bundle\workspace\MySpringUser\target\classes\myspring\user\dao\mapper\UserMapper.class]
2023-10-11 15:37:16 840 [main] DEBUG org.apache.ibatis.logging.LogFactory - Logging initialized using 'class org.apache.ibatis.logging.log4j2.Log4j2Impl' adapter.
2023-10-11 15:37:17 078 [main] DEBUG org.mybatis.spring.SqlSessionUtils - Creating a new SqlSession
2023-10-11 15:37:17 087 [main] DEBUG org.mybatis.spring.SqlSessionUtils - SqlSession [org.apache.ibatis.session.defaults.DefaultSqlSession@2756c0a7] was not registered for synchronization because synchronization is not active
2023-10-11 15:37:17 274 [main] DEBUG org.mybatis.spring.transaction.SpringManagedTransaction - JDBC Connection [HikariProxyConnection@1349025531 wrapping org.mariadb.jdbc.Connection@517bd097] will not be managed by Spring
2023-10-11 15:37:17 280 [main] DEBUG myspring.user.dao.mapper.UserMapper.selectUserById - ==>  Preparing: select * from users where userid=?
2023-10-11 15:37:17 301 [main] DEBUG myspring.user.dao.mapper.UserMapper.selectUserById - ==> Parameters: dooly(String)
2023-10-11 15:37:17 327 [main] DEBUG myspring.user.dao.mapper.UserMapper.selectUserById - <==      Total: 1
2023-10-11 15:37:17 335 [main] DEBUG org.mybatis.spring.SqlSessionUtils - Closing non transactional SqlSession [org.apache.ibatis.session.defaults.DefaultSqlSession@2756c0a7]
2023-10-11 15:37:17 352 [main] DEBUG org.mybatis.spring.SqlSessionUtils - Creating a new SqlSession
2023-10-11 15:37:17 352 [main] DEBUG org.mybatis.spring.SqlSessionUtils - SqlSession [org.apache.ibatis.session.defaults.DefaultSqlSession@b5cc23a] was not registered for synchronization because synchronization is not active
2023-10-11 15:37:17 356 [main] DEBUG org.mybatis.spring.transaction.SpringManagedTransaction - JDBC Connection [HikariProxyConnection@1642973315 wrapping org.mariadb.jdbc.Connection@758f4f03] will not be managed by Spring
2023-10-11 15:37:17 356 [main] DEBUG myspring.user.dao.mapper.UserMapper.selectUserById - ==>  Preparing: select * from users where userid=?
2023-10-11 15:37:17 357 [main] DEBUG myspring.user.dao.mapper.UserMapper.selectUserById - ==> Parameters: dolly(String)
2023-10-11 15:37:17 357 [main] DEBUG myspring.user.dao.mapper.UserMapper.selectUserById - <==      Total: 0
2023-10-11 15:37:17 358 [main] DEBUG org.mybatis.spring.SqlSessionUtils - Closing non transactional SqlSession [org.apache.ibatis.session.defaults.DefaultSqlSession@b5cc23a]
2023-10-11 15:37:30 369 [main] DEBUG org.mybatis.spring.mapper.ClassPathMapperScanner - Identified candidate component class: file [C:\sts3.9-bundle\workspace\MySpringUser\target\classes\myspring\user\dao\mapper\UserMapper.class]
2023-10-11 15:37:30 544 [main] DEBUG org.apache.ibatis.logging.LogFactory - Logging initialized using 'class org.apache.ibatis.logging.log4j2.Log4j2Impl' adapter.
2023-10-11 15:37:30 794 [main] DEBUG org.mybatis.spring.SqlSessionUtils - Creating a new SqlSession
2023-10-11 15:37:30 807 [main] DEBUG org.mybatis.spring.SqlSessionUtils - SqlSession [org.apache.ibatis.session.defaults.DefaultSqlSession@2756c0a7] was not registered for synchronization because synchronization is not active
2023-10-11 15:37:30 983 [main] DEBUG org.mybatis.spring.transaction.SpringManagedTransaction - JDBC Connection [HikariProxyConnection@1349025531 wrapping org.mariadb.jdbc.Connection@517bd097] will not be managed by Spring
2023-10-11 15:37:30 989 [main] DEBUG myspring.user.dao.mapper.UserMapper.selectUserById - ==>  Preparing: select * from users where userid=?
2023-10-11 15:37:31 010 [main] DEBUG myspring.user.dao.mapper.UserMapper.selectUserById - ==> Parameters: dooly(String)
2023-10-11 15:37:31 029 [main] DEBUG myspring.user.dao.mapper.UserMapper.selectUserById - <==      Total: 1
2023-10-11 15:37:31 043 [main] DEBUG org.mybatis.spring.SqlSessionUtils - Closing non transactional SqlSession [org.apache.ibatis.session.defaults.DefaultSqlSession@2756c0a7]
2023-10-11 15:37:31 060 [main] DEBUG org.mybatis.spring.SqlSessionUtils - Creating a new SqlSession
2023-10-11 15:37:31 060 [main] DEBUG org.mybatis.spring.SqlSessionUtils - SqlSession [org.apache.ibatis.session.defaults.DefaultSqlSession@b5cc23a] was not registered for synchronization because synchronization is not active
2023-10-11 15:37:31 063 [main] DEBUG org.mybatis.spring.transaction.SpringManagedTransaction - JDBC Connection [HikariProxyConnection@1642973315 wrapping org.mariadb.jdbc.Connection@758f4f03] will not be managed by Spring
2023-10-11 15:37:31 064 [main] DEBUG myspring.user.dao.mapper.UserMapper.selectUserById - ==>  Preparing: select * from users where userid=?
2023-10-11 15:37:31 064 [main] DEBUG myspring.user.dao.mapper.UserMapper.selectUserById - ==> Parameters: dooly(String)
2023-10-11 15:37:31 065 [main] DEBUG myspring.user.dao.mapper.UserMapper.selectUserById - <==      Total: 1
2023-10-11 15:37:31 065 [main] DEBUG org.mybatis.spring.SqlSessionUtils - Closing non transactional SqlSession [org.apache.ibatis.session.defaults.DefaultSqlSession@b5cc23a]
2023-10-11 15:38:42 941 [main] DEBUG org.mybatis.spring.mapper.ClassPathMapperScanner - Identified candidate component class: file [C:\sts3.9-bundle\workspace\MySpringUser\target\classes\myspring\user\dao\mapper\UserMapper.class]
2023-10-11 15:38:43 133 [main] DEBUG org.apache.ibatis.logging.LogFactory - Logging initialized using 'class org.apache.ibatis.logging.log4j2.Log4j2Impl' adapter.
2023-10-11 15:38:43 550 [main] DEBUG org.mybatis.spring.SqlSessionUtils - Creating a new SqlSession
2023-10-11 15:38:43 556 [main] DEBUG org.mybatis.spring.SqlSessionUtils - SqlSession [org.apache.ibatis.session.defaults.DefaultSqlSession@3b9d6699] was not registered for synchronization because synchronization is not active
2023-10-11 15:38:43 567 [main] DEBUG org.mybatis.spring.transaction.SpringManagedTransaction - JDBC Connection [HikariProxyConnection@454160179 wrapping org.mariadb.jdbc.Connection@476aac9] will not be managed by Spring
2023-10-11 15:38:43 575 [main] DEBUG myspring.user.dao.mapper.UserMapper.selectUserById - ==>  Preparing: select * from users where userid=?
2023-10-11 15:38:43 601 [main] DEBUG myspring.user.dao.mapper.UserMapper.selectUserById - ==> Parameters: dooly(String)
2023-10-11 15:38:43 629 [main] DEBUG myspring.user.dao.mapper.UserMapper.selectUserById - <==      Total: 1
2023-10-11 15:38:43 630 [main] DEBUG org.mybatis.spring.SqlSessionUtils - Closing non transactional SqlSession [org.apache.ibatis.session.defaults.DefaultSqlSession@3b9d6699]
2023-10-11 15:38:59 233 [main] DEBUG org.mybatis.spring.mapper.ClassPathMapperScanner - Identified candidate component class: file [C:\sts3.9-bundle\workspace\MySpringUser\target\classes\myspring\user\dao\mapper\UserMapper.class]
2023-10-11 15:38:59 415 [main] DEBUG org.apache.ibatis.logging.LogFactory - Logging initialized using 'class org.apache.ibatis.logging.log4j2.Log4j2Impl' adapter.
2023-10-11 15:38:59 667 [main] DEBUG org.mybatis.spring.SqlSessionUtils - Creating a new SqlSession
2023-10-11 15:38:59 678 [main] DEBUG org.mybatis.spring.SqlSessionUtils - SqlSession [org.apache.ibatis.session.defaults.DefaultSqlSession@2c104774] was not registered for synchronization because synchronization is not active
2023-10-11 15:38:59 863 [main] DEBUG org.mybatis.spring.transaction.SpringManagedTransaction - JDBC Connection [HikariProxyConnection@707635461 wrapping org.mariadb.jdbc.Connection@24f360b2] will not be managed by Spring
2023-10-11 15:38:59 869 [main] DEBUG myspring.user.dao.mapper.UserMapper.selectUserById - ==>  Preparing: select * from users where userid=?
2023-10-11 15:38:59 895 [main] DEBUG myspring.user.dao.mapper.UserMapper.selectUserById - ==> Parameters: dooly(String)
2023-10-11 15:38:59 923 [main] DEBUG myspring.user.dao.mapper.UserMapper.selectUserById - <==      Total: 1
2023-10-11 15:38:59 930 [main] DEBUG org.mybatis.spring.SqlSessionUtils - Closing non transactional SqlSession [org.apache.ibatis.session.defaults.DefaultSqlSession@2c104774]
2023-10-11 20:07:15 939 [main] DEBUG org.mybatis.spring.mapper.ClassPathMapperScanner - Identified candidate component class: file [C:\sts3.9-bundle\workspace\MySpringUser\target\classes\myspring\user\dao\mapper\UserMapper.class]
2023-10-11 20:07:16 174 [main] DEBUG org.apache.ibatis.logging.LogFactory - Logging initialized using 'class org.apache.ibatis.logging.log4j2.Log4j2Impl' adapter.
2023-10-11 20:25:15 138 [main] DEBUG org.apache.ibatis.logging.LogFactory - Logging initialized using 'class org.apache.ibatis.logging.log4j2.Log4j2Impl' adapter.
2023-10-11 20:25:41 910 [main] DEBUG org.apache.ibatis.logging.LogFactory - Logging initialized using 'class org.apache.ibatis.logging.log4j2.Log4j2Impl' adapter.
2023-10-11 20:25:58 747 [main] DEBUG org.apache.ibatis.logging.LogFactory - Logging initialized using 'class org.apache.ibatis.logging.log4j2.Log4j2Impl' adapter.
2023-10-11 20:28:19 042 [main] DEBUG org.apache.ibatis.logging.LogFactory - Logging initialized using 'class org.apache.ibatis.logging.log4j2.Log4j2Impl' adapter.
2023-10-11 20:28:20 175 [main] DEBUG org.apache.ibatis.logging.LogFactory - Logging initialized using 'class org.apache.ibatis.logging.log4j2.Log4j2Impl' adapter.
2023-10-11 20:38:36 838 [main] DEBUG org.apache.ibatis.logging.LogFactory - Logging initialized using 'class org.apache.ibatis.logging.log4j2.Log4j2Impl' adapter.
2023-10-11 20:38:37 365 [main] DEBUG org.mybatis.spring.SqlSessionUtils - Creating a new SqlSession
2023-10-11 20:38:37 370 [main] DEBUG org.mybatis.spring.SqlSessionUtils - SqlSession [org.apache.ibatis.session.defaults.DefaultSqlSession@89ff02e] was not registered for synchronization because synchronization is not active
2023-10-11 20:38:37 371 [main] DEBUG org.mybatis.spring.SqlSessionUtils - Closing non transactional SqlSession [org.apache.ibatis.session.defaults.DefaultSqlSession@89ff02e]
2023-10-11 20:38:54 894 [main] DEBUG org.apache.ibatis.logging.LogFactory - Logging initialized using 'class org.apache.ibatis.logging.log4j2.Log4j2Impl' adapter.
2023-10-11 20:38:55 372 [main] DEBUG org.mybatis.spring.SqlSessionUtils - Creating a new SqlSession
2023-10-11 20:38:55 377 [main] DEBUG org.mybatis.spring.SqlSessionUtils - SqlSession [org.apache.ibatis.session.defaults.DefaultSqlSession@89ff02e] was not registered for synchronization because synchronization is not active
2023-10-11 20:38:55 379 [main] DEBUG org.mybatis.spring.SqlSessionUtils - Closing non transactional SqlSession [org.apache.ibatis.session.defaults.DefaultSqlSession@89ff02e]
2023-10-11 20:39:52 293 [main] DEBUG org.apache.ibatis.logging.LogFactory - Logging initialized using 'class org.apache.ibatis.logging.log4j2.Log4j2Impl' adapter.
2023-10-11 20:39:52 659 [main] DEBUG org.apache.ibatis.logging.LogFactory - Logging initialized using 'class org.apache.ibatis.logging.log4j2.Log4j2Impl' adapter.
2023-10-11 20:39:52 819 [main] DEBUG org.apache.ibatis.logging.LogFactory - Logging initialized using 'class org.apache.ibatis.logging.log4j2.Log4j2Impl' adapter.
2023-10-11 20:43:41 468 [main] DEBUG org.apache.ibatis.logging.LogFactory - Logging initialized using 'class org.apache.ibatis.logging.log4j2.Log4j2Impl' adapter.
2023-10-11 20:43:41 969 [main] DEBUG org.mybatis.spring.SqlSessionUtils - Creating a new SqlSession
2023-10-11 20:43:41 975 [main] DEBUG org.mybatis.spring.SqlSessionUtils - SqlSession [org.apache.ibatis.session.defaults.DefaultSqlSession@62679465] was not registered for synchronization because synchronization is not active
2023-10-11 20:43:41 976 [main] DEBUG org.mybatis.spring.SqlSessionUtils - Closing non transactional SqlSession [org.apache.ibatis.session.defaults.DefaultSqlSession@62679465]
